  main.cpp
C:\Users\Sergio\Desktop\git\VC2\temp\vc.h(108,1): warning C4005: 'MAX': macro redefinition
C:\opencv\build\include\opencv2\core\cvdef.h(469): message : see previous definition of 'MAX'
C:\Users\Sergio\Desktop\git\VC2\temp\vc.h(109,1): warning C4005: 'MIN': macro redefinition
C:\opencv\build\include\opencv2\core\cvdef.h(465): message : see previous definition of 'MIN'
C:\Users\Sergio\Desktop\git\VC2\temp\main.cpp(177,19): warning C4305: 'initializing': truncation from 'double' to 'float'
  vc.c
C:\Users\Sergio\Desktop\git\VC2\temp\vc.c(267,70): warning C4267: '=': conversion from 'size_t' to 'int', possible loss of data
C:\Users\Sergio\Desktop\git\VC2\temp\vc.c(311,66): warning C4267: '=': conversion from 'size_t' to 'int', possible loss of data
C:\Users\Sergio\Desktop\git\VC2\temp\vc.c(426,129): warning C4244: '=': conversion from 'double' to 'unsigned char', possible loss of data
C:\Users\Sergio\Desktop\git\VC2\temp\vc.c(585,158): warning C4244: '=': conversion from 'int' to 'float', possible loss of data
C:\Users\Sergio\Desktop\git\VC2\temp\vc.c(604,158): warning C4244: '=': conversion from 'int' to 'float', possible loss of data
C:\Users\Sergio\Desktop\git\VC2\temp\vc.c(615,8): warning C4101: 'meanAux': unreferenced local variable
C:\Users\Sergio\Desktop\git\VC2\temp\vc.c(671,8): warning C4101: 'meanAux': unreferenced local variable
C:\Users\Sergio\Desktop\git\VC2\temp\vc.c(676,8): warning C4101: 'threshold': unreferenced local variable
C:\Users\Sergio\Desktop\git\VC2\temp\vc.c(708,8): warning C4101: 'meanAux': unreferenced local variable
C:\Users\Sergio\Desktop\git\VC2\temp\vc.c(713,8): warning C4101: 'threshold': unreferenced local variable
C:\Users\Sergio\Desktop\git\VC2\temp\vc.c(1403,41): warning C4244: '=': conversion from 'float' to 'int', possible loss of data
C:\Users\Sergio\Desktop\git\VC2\temp\vc.c(1410,9): warning C4477: 'printf' : format string '%d' requires an argument of type 'int', but variadic argument 1 has type 'double'
C:\Users\Sergio\Desktop\git\VC2\temp\vc.c(1410,9): warning C4477: 'printf' : format string '%d' requires an argument of type 'int', but variadic argument 2 has type 'double'
C:\Users\Sergio\Desktop\git\VC2\temp\vc.c(1466,37): warning C4244: '=': conversion from 'float' to 'int', possible loss of data
C:\Users\Sergio\Desktop\git\VC2\temp\vc.c(1467,37): warning C4244: '=': conversion from 'float' to 'int', possible loss of data
C:\Users\Sergio\Desktop\git\VC2\temp\vc.c(1468,37): warning C4244: '=': conversion from 'float' to 'int', possible loss of data
C:\Users\Sergio\Desktop\git\VC2\temp\vc.c(1555,54): warning C4244: '=': conversion from 'float' to 'unsigned char', possible loss of data
C:\Users\Sergio\Desktop\git\VC2\temp\vc.c(1603,79): warning C4244: '=': conversion from 'float' to 'unsigned char', possible loss of data
C:\Users\Sergio\Desktop\git\VC2\temp\vc.c(1604,91): warning C4244: '=': conversion from 'float' to 'unsigned char', possible loss of data
C:\Users\Sergio\Desktop\git\VC2\temp\vc.c(1605,91): warning C4244: '=': conversion from 'float' to 'unsigned char', possible loss of data
C:\Users\Sergio\Desktop\git\VC2\temp\vc.c(1656,34): warning C4244: '=': conversion from 'float' to 'unsigned char', possible loss of data
C:\Users\Sergio\Desktop\git\VC2\temp\vc.c(1621,8): warning C4101: 'threshold': unreferenced local variable
C:\Users\Sergio\Desktop\git\VC2\temp\vc.c(1669,8): warning C4101: 'threshold': unreferenced local variable
C:\Users\Sergio\Desktop\git\VC2\temp\vc.c(1734,47): warning C4305: 'function': truncation from 'double' to 'float'
C:\Users\Sergio\Desktop\git\VC2\temp\vc.c(1748,54): warning C4028: formal parameter 3 different from declaration
C:\Users\Sergio\Desktop\git\VC2\temp\vc.c(1762,46): warning C4047: 'function': 'int' differs in levels of indirection from 'int *'
C:\Users\Sergio\Desktop\git\VC2\temp\vc.c(1762,46): warning C4024: 'vc_trab_clean': different types for formal and actual parameter 3
C:\Users\Sergio\Desktop\git\VC2\temp\vc.c(1766,46): warning C4305: 'function': truncation from 'double' to 'float'
C:\Users\Sergio\Desktop\git\VC2\temp\vc.c(1777,21): warning C4047: '=': 'int *' differs in levels of indirection from 'int'
C:\Users\Sergio\Desktop\git\VC2\temp\vc.c(1785,34): warning C4047: '<': 'int' differs in levels of indirection from 'int *'
C:\Users\Sergio\Desktop\git\VC2\temp\vc.c(1785,83): warning C4047: '>': 'int' differs in levels of indirection from 'int *'
C:\Users\Sergio\Desktop\git\VC2\temp\vc.c(1822,17): warning C4101: 'posk': unreferenced local variable
C:\Users\Sergio\Desktop\git\VC2\temp\vc.c(1900,6): warning C4101: 'x': unreferenced local variable
C:\Users\Sergio\Desktop\git\VC2\temp\vc.c(2030,32): warning C4244: '+=': conversion from 'double' to 'int', possible loss of data
C:\Users\Sergio\Desktop\git\VC2\temp\vc.c(2033,17): warning C4244: '=': conversion from 'double' to 'int', possible loss of data
C:\Users\Sergio\Desktop\git\VC2\temp\vc.c(2047,35): warning C4244: '+=': conversion from 'double' to 'int', possible loss of data
C:\Users\Sergio\Desktop\git\VC2\temp\vc.c(2050,19): warning C4244: '=': conversion from 'double' to 'int', possible loss of data
C:\Users\Sergio\Desktop\git\VC2\temp\vc.c(2100,19): warning C4101: 'tempY': unreferenced local variable
C:\Users\Sergio\Desktop\git\VC2\temp\vc.c(2100,12): warning C4101: 'tempX': unreferenced local variable
C:\Users\Sergio\Desktop\git\VC2\temp\vc.c(2346,41): warning C4244: '=': conversion from 'double' to 'int', possible loss of data
C:\Users\Sergio\Desktop\git\VC2\temp\vc.c(2347,41): warning C4244: '=': conversion from 'double' to 'int', possible loss of data
C:\Users\Sergio\Desktop\git\VC2\temp\vc.c(2348,61): warning C4244: '=': conversion from 'double' to 'int', possible loss of data
C:\Users\Sergio\Desktop\git\VC2\temp\vc.c(2349,62): warning C4244: '=': conversion from 'double' to 'int', possible loss of data
C:\Users\Sergio\Desktop\git\VC2\temp\vc.c(2175,31): warning C4101: 'max': unreferenced local variable
C:\Users\Sergio\Desktop\git\VC2\temp\vc.c(2175,26): warning C4101: 'min': unreferenced local variable
C:\Users\Sergio\Desktop\git\VC2\temp\vc.c(2544,1): warning C4244: 'initializing': conversion from 'float' to 'int', possible loss of data
C:\Users\Sergio\Desktop\git\VC2\temp\vc.c(2545,1): warning C4244: 'initializing': conversion from 'int' to 'float', possible loss of data
C:\Users\Sergio\Desktop\git\VC2\temp\vc.c(2546,1): warning C4244: 'initializing': conversion from 'int' to 'float', possible loss of data
C:\Users\Sergio\Desktop\git\VC2\temp\vc.c(2569,6): warning C4101: 'auxCol': unreferenced local variable
C:\Users\Sergio\Desktop\git\VC2\temp\vc.c(2563,8): warning C4101: 'meanAux': unreferenced local variable
C:\Users\Sergio\Desktop\git\VC2\temp\vc.c(2569,14): warning C4101: 'auxLine': unreferenced local variable
C:\Users\Sergio\Desktop\git\VC2\temp\vc.c(2568,8): warning C4101: 'threshold': unreferenced local variable
C:\Users\Sergio\Desktop\git\VC2\temp\vc.c(2532): warning C4716: 'vc_convert_bgr_rgb': must return a value
  temp.vcxproj -> C:\Users\Sergio\Desktop\git\VC2\x64\Debug\temp.exe
