  vc.c
C:\Users\Sergio\Desktop\vc_teste\temp\temp\vc.c(267,70): warning C4267: '=': conversion from 'size_t' to 'int', possible loss of data
C:\Users\Sergio\Desktop\vc_teste\temp\temp\vc.c(311,66): warning C4267: '=': conversion from 'size_t' to 'int', possible loss of data
C:\Users\Sergio\Desktop\vc_teste\temp\temp\vc.c(426,129): warning C4244: '=': conversion from 'double' to 'unsigned char', possible loss of data
C:\Users\Sergio\Desktop\vc_teste\temp\temp\vc.c(585,158): warning C4244: '=': conversion from 'int' to 'float', possible loss of data
C:\Users\Sergio\Desktop\vc_teste\temp\temp\vc.c(604,158): warning C4244: '=': conversion from 'int' to 'float', possible loss of data
C:\Users\Sergio\Desktop\vc_teste\temp\temp\vc.c(615,8): warning C4101: 'meanAux': unreferenced local variable
C:\Users\Sergio\Desktop\vc_teste\temp\temp\vc.c(671,8): warning C4101: 'meanAux': unreferenced local variable
C:\Users\Sergio\Desktop\vc_teste\temp\temp\vc.c(676,8): warning C4101: 'threshold': unreferenced local variable
C:\Users\Sergio\Desktop\vc_teste\temp\temp\vc.c(708,8): warning C4101: 'meanAux': unreferenced local variable
C:\Users\Sergio\Desktop\vc_teste\temp\temp\vc.c(713,8): warning C4101: 'threshold': unreferenced local variable
C:\Users\Sergio\Desktop\vc_teste\temp\temp\vc.c(1403,41): warning C4244: '=': conversion from 'float' to 'int', possible loss of data
C:\Users\Sergio\Desktop\vc_teste\temp\temp\vc.c(1410,9): warning C4477: 'printf' : format string '%d' requires an argument of type 'int', but variadic argument 1 has type 'double'
C:\Users\Sergio\Desktop\vc_teste\temp\temp\vc.c(1410,9): warning C4477: 'printf' : format string '%d' requires an argument of type 'int', but variadic argument 2 has type 'double'
C:\Users\Sergio\Desktop\vc_teste\temp\temp\vc.c(1466,37): warning C4244: '=': conversion from 'float' to 'int', possible loss of data
C:\Users\Sergio\Desktop\vc_teste\temp\temp\vc.c(1467,37): warning C4244: '=': conversion from 'float' to 'int', possible loss of data
C:\Users\Sergio\Desktop\vc_teste\temp\temp\vc.c(1468,37): warning C4244: '=': conversion from 'float' to 'int', possible loss of data
C:\Users\Sergio\Desktop\vc_teste\temp\temp\vc.c(1555,54): warning C4244: '=': conversion from 'float' to 'unsigned char', possible loss of data
C:\Users\Sergio\Desktop\vc_teste\temp\temp\vc.c(1603,79): warning C4244: '=': conversion from 'float' to 'unsigned char', possible loss of data
C:\Users\Sergio\Desktop\vc_teste\temp\temp\vc.c(1604,91): warning C4244: '=': conversion from 'float' to 'unsigned char', possible loss of data
C:\Users\Sergio\Desktop\vc_teste\temp\temp\vc.c(1605,91): warning C4244: '=': conversion from 'float' to 'unsigned char', possible loss of data
C:\Users\Sergio\Desktop\vc_teste\temp\temp\vc.c(1656,34): warning C4244: '=': conversion from 'float' to 'unsigned char', possible loss of data
C:\Users\Sergio\Desktop\vc_teste\temp\temp\vc.c(1621,8): warning C4101: 'threshold': unreferenced local variable
C:\Users\Sergio\Desktop\vc_teste\temp\temp\vc.c(1669,8): warning C4101: 'threshold': unreferenced local variable
C:\Users\Sergio\Desktop\vc_teste\temp\temp\vc.c(1734,47): warning C4305: 'function': truncation from 'double' to 'float'
C:\Users\Sergio\Desktop\vc_teste\temp\temp\vc.c(1748,54): warning C4028: formal parameter 3 different from declaration
C:\Users\Sergio\Desktop\vc_teste\temp\temp\vc.c(1762,46): warning C4047: 'function': 'int' differs in levels of indirection from 'int *'
C:\Users\Sergio\Desktop\vc_teste\temp\temp\vc.c(1762,46): warning C4024: 'vc_trab_clean': different types for formal and actual parameter 3
C:\Users\Sergio\Desktop\vc_teste\temp\temp\vc.c(1766,46): warning C4305: 'function': truncation from 'double' to 'float'
C:\Users\Sergio\Desktop\vc_teste\temp\temp\vc.c(1777,21): warning C4047: '=': 'int *' differs in levels of indirection from 'int'
C:\Users\Sergio\Desktop\vc_teste\temp\temp\vc.c(1785,34): warning C4047: '<': 'int' differs in levels of indirection from 'int *'
C:\Users\Sergio\Desktop\vc_teste\temp\temp\vc.c(1785,83): warning C4047: '>': 'int' differs in levels of indirection from 'int *'
C:\Users\Sergio\Desktop\vc_teste\temp\temp\vc.c(1822,16): warning C4101: 'posk': unreferenced local variable
C:\Users\Sergio\Desktop\vc_teste\temp\temp\vc.c(1900,6): warning C4101: 'x': unreferenced local variable
C:\Users\Sergio\Desktop\vc_teste\temp\temp\vc.c(2011,32): warning C4244: '+=': conversion from 'double' to 'int', possible loss of data
C:\Users\Sergio\Desktop\vc_teste\temp\temp\vc.c(2014,17): warning C4244: '=': conversion from 'double' to 'int', possible loss of data
C:\Users\Sergio\Desktop\vc_teste\temp\temp\vc.c(2028,35): warning C4244: '+=': conversion from 'double' to 'int', possible loss of data
C:\Users\Sergio\Desktop\vc_teste\temp\temp\vc.c(2031,19): warning C4244: '=': conversion from 'double' to 'int', possible loss of data
C:\Users\Sergio\Desktop\vc_teste\temp\temp\vc.c(2083,19): warning C4101: 'tempY': unreferenced local variable
C:\Users\Sergio\Desktop\vc_teste\temp\temp\vc.c(2083,12): warning C4101: 'tempX': unreferenced local variable
C:\Users\Sergio\Desktop\vc_teste\temp\temp\vc.c(2329,41): warning C4244: '=': conversion from 'double' to 'int', possible loss of data
C:\Users\Sergio\Desktop\vc_teste\temp\temp\vc.c(2330,41): warning C4244: '=': conversion from 'double' to 'int', possible loss of data
C:\Users\Sergio\Desktop\vc_teste\temp\temp\vc.c(2331,61): warning C4244: '=': conversion from 'double' to 'int', possible loss of data
C:\Users\Sergio\Desktop\vc_teste\temp\temp\vc.c(2332,62): warning C4244: '=': conversion from 'double' to 'int', possible loss of data
C:\Users\Sergio\Desktop\vc_teste\temp\temp\vc.c(2158,31): warning C4101: 'max': unreferenced local variable
C:\Users\Sergio\Desktop\vc_teste\temp\temp\vc.c(2158,26): warning C4101: 'min': unreferenced local variable
C:\Users\Sergio\Desktop\vc_teste\temp\temp\vc.c(2529,1): warning C4244: 'initializing': conversion from 'float' to 'int', possible loss of data
C:\Users\Sergio\Desktop\vc_teste\temp\temp\vc.c(2530,1): warning C4244: 'initializing': conversion from 'int' to 'float', possible loss of data
C:\Users\Sergio\Desktop\vc_teste\temp\temp\vc.c(2531,1): warning C4244: 'initializing': conversion from 'int' to 'float', possible loss of data
C:\Users\Sergio\Desktop\vc_teste\temp\temp\vc.c(2554,6): warning C4101: 'auxCol': unreferenced local variable
C:\Users\Sergio\Desktop\vc_teste\temp\temp\vc.c(2548,8): warning C4101: 'meanAux': unreferenced local variable
C:\Users\Sergio\Desktop\vc_teste\temp\temp\vc.c(2554,14): warning C4101: 'auxLine': unreferenced local variable
C:\Users\Sergio\Desktop\vc_teste\temp\temp\vc.c(2553,8): warning C4101: 'threshold': unreferenced local variable
  Generating code
  1 of 312 functions ( 0.3%) were compiled, the rest were copied from previous compilation.
    0 functions were new in current compilation
    2 functions had inline decision re-evaluated but remain unchanged
  Finished generating code
  temp.vcxproj -> C:\Users\Sergio\Desktop\vc_teste\temp\x64\Release\temp.exe
