  vc.c
C:\Users\Sergio\Desktop\vc_teste\temp\temp\vc.c(267,70): warning C4267: '=': conversion from 'size_t' to 'int', possible loss of data
C:\Users\Sergio\Desktop\vc_teste\temp\temp\vc.c(311,66): warning C4267: '=': conversion from 'size_t' to 'int', possible loss of data
C:\Users\Sergio\Desktop\vc_teste\temp\temp\vc.c(426,129): warning C4244: '=': conversion from 'double' to 'unsigned char', possible loss of data
C:\Users\Sergio\Desktop\vc_teste\temp\temp\vc.c(585,158): warning C4244: '=': conversion from 'int' to 'float', possible loss of data
C:\Users\Sergio\Desktop\vc_teste\temp\temp\vc.c(604,158): warning C4244: '=': conversion from 'int' to 'float', possible loss of data
C:\Users\Sergio\Desktop\vc_teste\temp\temp\vc.c(615,8): warning C4101: 'meanAux': unreferenced local variable
C:\Users\Sergio\Desktop\vc_teste\temp\temp\vc.c(671,8): warning C4101: 'meanAux': unreferenced local variable
C:\Users\Sergio\Desktop\vc_teste\temp\temp\vc.c(676,8): warning C4101: 'threshold': unreferenced local variable
C:\Users\Sergio\Desktop\vc_teste\temp\temp\vc.c(708,8): warning C4101: 'meanAux': unreferenced local variable
C:\Users\Sergio\Desktop\vc_teste\temp\temp\vc.c(713,8): warning C4101: 'threshold': unreferenced local variable
C:\Users\Sergio\Desktop\vc_teste\temp\temp\vc.c(1403,41): warning C4244: '=': conversion from 'float' to 'int', possible loss of data
C:\Users\Sergio\Desktop\vc_teste\temp\temp\vc.c(1410,9): warning C4477: 'printf' : format string '%d' requires an argument of type 'int', but variadic argument 1 has type 'double'
C:\Users\Sergio\Desktop\vc_teste\temp\temp\vc.c(1410,9): warning C4477: 'printf' : format string '%d' requires an argument of type 'int', but variadic argument 2 has type 'double'
C:\Users\Sergio\Desktop\vc_teste\temp\temp\vc.c(1466,37): warning C4244: '=': conversion from 'float' to 'int', possible loss of data
C:\Users\Sergio\Desktop\vc_teste\temp\temp\vc.c(1467,37): warning C4244: '=': conversion from 'float' to 'int', possible loss of data
C:\Users\Sergio\Desktop\vc_teste\temp\temp\vc.c(1468,37): warning C4244: '=': conversion from 'float' to 'int', possible loss of data
C:\Users\Sergio\Desktop\vc_teste\temp\temp\vc.c(1555,54): warning C4244: '=': conversion from 'float' to 'unsigned char', possible loss of data
C:\Users\Sergio\Desktop\vc_teste\temp\temp\vc.c(1601,79): warning C4244: '=': conversion from 'float' to 'unsigned char', possible loss of data
C:\Users\Sergio\Desktop\vc_teste\temp\temp\vc.c(1602,91): warning C4244: '=': conversion from 'float' to 'unsigned char', possible loss of data
C:\Users\Sergio\Desktop\vc_teste\temp\temp\vc.c(1603,91): warning C4244: '=': conversion from 'float' to 'unsigned char', possible loss of data
C:\Users\Sergio\Desktop\vc_teste\temp\temp\vc.c(1654,34): warning C4244: '=': conversion from 'float' to 'unsigned char', possible loss of data
C:\Users\Sergio\Desktop\vc_teste\temp\temp\vc.c(1619,8): warning C4101: 'threshold': unreferenced local variable
C:\Users\Sergio\Desktop\vc_teste\temp\temp\vc.c(1667,8): warning C4101: 'threshold': unreferenced local variable
C:\Users\Sergio\Desktop\vc_teste\temp\temp\vc.c(1732,47): warning C4305: 'function': truncation from 'double' to 'float'
C:\Users\Sergio\Desktop\vc_teste\temp\temp\vc.c(1764,46): warning C4305: 'function': truncation from 'double' to 'float'
C:\Users\Sergio\Desktop\vc_teste\temp\temp\vc.c(1982,41): warning C4244: '=': conversion from 'double' to 'int', possible loss of data
C:\Users\Sergio\Desktop\vc_teste\temp\temp\vc.c(1983,41): warning C4244: '=': conversion from 'double' to 'int', possible loss of data
C:\Users\Sergio\Desktop\vc_teste\temp\temp\vc.c(1984,61): warning C4244: '=': conversion from 'double' to 'int', possible loss of data
C:\Users\Sergio\Desktop\vc_teste\temp\temp\vc.c(1985,62): warning C4244: '=': conversion from 'double' to 'int', possible loss of data
C:\Users\Sergio\Desktop\vc_teste\temp\temp\vc.c(1823,31): warning C4101: 'max': unreferenced local variable
C:\Users\Sergio\Desktop\vc_teste\temp\temp\vc.c(1823,26): warning C4101: 'min': unreferenced local variable
C:\Users\Sergio\Desktop\vc_teste\temp\temp\vc.c(2182,1): warning C4244: 'initializing': conversion from 'float' to 'int', possible loss of data
C:\Users\Sergio\Desktop\vc_teste\temp\temp\vc.c(2183,1): warning C4244: 'initializing': conversion from 'int' to 'float', possible loss of data
C:\Users\Sergio\Desktop\vc_teste\temp\temp\vc.c(2184,1): warning C4244: 'initializing': conversion from 'int' to 'float', possible loss of data
C:\Users\Sergio\Desktop\vc_teste\temp\temp\vc.c(2207,6): warning C4101: 'auxCol': unreferenced local variable
C:\Users\Sergio\Desktop\vc_teste\temp\temp\vc.c(2201,8): warning C4101: 'meanAux': unreferenced local variable
C:\Users\Sergio\Desktop\vc_teste\temp\temp\vc.c(2207,14): warning C4101: 'auxLine': unreferenced local variable
C:\Users\Sergio\Desktop\vc_teste\temp\temp\vc.c(2206,8): warning C4101: 'threshold': unreferenced local variable
C:\Users\Sergio\Desktop\vc_teste\temp\temp\vc.c(2170): warning C4716: 'vc_convert_bgr_rgb': must return a value
  temp.vcxproj -> C:\Users\Sergio\Desktop\vc_teste\temp\x64\Debug\temp.exe
