  CodigoExemplo.c
C:\Program Files (x86)\Microsoft Visual Studio\2019\Community\VC\Tools\MSVC\14.25.28610\include\cstdlib(23,62): error C2061: syntax error: identifier 'noexcept'
C:\Program Files (x86)\Microsoft Visual Studio\2019\Community\VC\Tools\MSVC\14.25.28610\include\cstdlib(23,62): error C2059: syntax error: ';'
C:\Program Files (x86)\Microsoft Visual Studio\2019\Community\VC\Tools\MSVC\14.25.28610\include\cstdlib(23,90): error C2449: found '{' at file scope (missing function header?)
C:\Program Files (x86)\Microsoft Visual Studio\2019\Community\VC\Tools\MSVC\14.25.28610\include\cstdlib(25,1): error C2059: syntax error: '}'
C:\Program Files (x86)\Microsoft Visual Studio\2019\Community\VC\Tools\MSVC\14.25.28610\include\cstdlib(31,72): error C2061: syntax error: identifier 'noexcept'
C:\Program Files (x86)\Microsoft Visual Studio\2019\Community\VC\Tools\MSVC\14.25.28610\include\cstdlib(31,72): error C2059: syntax error: ';'
C:\Program Files (x86)\Microsoft Visual Studio\2019\Community\VC\Tools\MSVC\14.25.28610\include\cstdlib(31,100): error C2449: found '{' at file scope (missing function header?)
C:\Program Files (x86)\Microsoft Visual Studio\2019\Community\VC\Tools\MSVC\14.25.28610\include\cstdlib(33,1): error C2059: syntax error: '}'
C:\Program Files (x86)\Microsoft Visual Studio\2019\Community\VC\Tools\MSVC\14.25.28610\include\xtr1common(19,1): error C2061: syntax error: identifier 'std'
C:\Program Files (x86)\Microsoft Visual Studio\2019\Community\VC\Tools\MSVC\14.25.28610\include\xtr1common(19,1): error C2059: syntax error: ';'
C:\Program Files (x86)\Microsoft Visual Studio\2019\Community\VC\Tools\MSVC\14.25.28610\include\xtr1common(19,1): error C2449: found '{' at file scope (missing function header?)
C:\Program Files (x86)\Microsoft Visual Studio\2019\Community\VC\Tools\MSVC\14.25.28610\include\xtr1common(244,1): error C2059: syntax error: '}'
C:\Program Files (x86)\Microsoft Visual Studio\2019\Community\VC\Tools\MSVC\14.25.28610\include\type_traits(440,33): error C4233: nonstandard extension used: '__is_union' keyword only supported in C++, not C
C:\Program Files (x86)\Microsoft Visual Studio\2019\Community\VC\Tools\MSVC\14.25.28610\include\type_traits(443,41): error C4233: nonstandard extension used: '__is_union' keyword only supported in C++, not C
C:\Program Files (x86)\Microsoft Visual Studio\2019\Community\VC\Tools\MSVC\14.25.28610\include\type_traits(447,33): error C4233: nonstandard extension used: '__is_class' keyword only supported in C++, not C
C:\Program Files (x86)\Microsoft Visual Studio\2019\Community\VC\Tools\MSVC\14.25.28610\include\type_traits(450,41): error C4233: nonstandard extension used: '__is_class' keyword only supported in C++, not C
C:\Program Files (x86)\Microsoft Visual Studio\2019\Community\VC\Tools\MSVC\14.25.28610\include\type_traits(468,39): error C4233: nonstandard extension used: '__is_convertible_to' keyword only supported in C++, not C
C:\Program Files (x86)\Microsoft Visual Studio\2019\Community\VC\Tools\MSVC\14.25.28610\include\type_traits(473,47): error C4233: nonstandard extension used: '__is_convertible_to' keyword only supported in C++, not C
C:\Program Files (x86)\Microsoft Visual Studio\2019\Community\VC\Tools\MSVC\14.25.28610\include\type_traits(477,32): error C4233: nonstandard extension used: '__is_enum' keyword only supported in C++, not C
C:\Program Files (x86)\Microsoft Visual Studio\2019\Community\VC\Tools\MSVC\14.25.28610\include\type_traits(480,40): error C4233: nonstandard extension used: '__is_enum' keyword only supported in C++, not C
C:\Program Files (x86)\Microsoft Visual Studio\2019\Community\VC\Tools\MSVC\14.25.28610\include\type_traits(526,55): error C4233: nonstandard extension used: '__is_pod' keyword only supported in C++, not C
C:\Program Files (x86)\Microsoft Visual Studio\2019\Community\VC\Tools\MSVC\14.25.28610\include\type_traits(529,63): error C4233: nonstandard extension used: '__is_pod' keyword only supported in C++, not C
C:\Program Files (x86)\Microsoft Visual Studio\2019\Community\VC\Tools\MSVC\14.25.28610\include\type_traits(533,33): error C4233: nonstandard extension used: '__is_empty' keyword only supported in C++, not C
C:\Program Files (x86)\Microsoft Visual Studio\2019\Community\VC\Tools\MSVC\14.25.28610\include\type_traits(536,41): error C4233: nonstandard extension used: '__is_empty' keyword only supported in C++, not C
C:\Program Files (x86)\Microsoft Visual Studio\2019\Community\VC\Tools\MSVC\14.25.28610\include\type_traits(540,39): error C4233: nonstandard extension used: '__is_polymorphic' keyword only supported in C++, not C
C:\Program Files (x86)\Microsoft Visual Studio\2019\Community\VC\Tools\MSVC\14.25.28610\include\type_traits(543,47): error C4233: nonstandard extension used: '__is_polymorphic' keyword only supported in C++, not C
C:\Program Files (x86)\Microsoft Visual Studio\2019\Community\VC\Tools\MSVC\14.25.28610\include\type_traits(547,36): error C4233: nonstandard extension used: '__is_abstract' keyword only supported in C++, not C
C:\Program Files (x86)\Microsoft Visual Studio\2019\Community\VC\Tools\MSVC\14.25.28610\include\type_traits(550,44): error C4233: nonstandard extension used: '__is_abstract' keyword only supported in C++, not C
C:\Program Files (x86)\Microsoft Visual Studio\2019\Community\VC\Tools\MSVC\14.25.28610\include\type_traits(554,33): error C4233: nonstandard extension used: '__is_final' keyword only supported in C++, not C
C:\Program Files (x86)\Microsoft Visual Studio\2019\Community\VC\Tools\MSVC\14.25.28610\include\type_traits(557,41): error C4233: nonstandard extension used: '__is_final' keyword only supported in C++, not C
C:\Program Files (x86)\Microsoft Visual Studio\2019\Community\VC\Tools\MSVC\14.25.28610\include\type_traits(561,43): error C4233: nonstandard extension used: '__is_standard_layout' keyword only supported in C++, not C
C:\Program Files (x86)\Microsoft Visual Studio\2019\Community\VC\Tools\MSVC\14.25.28610\include\type_traits(564,51): error C4233: nonstandard extension used: '__is_standard_layout' keyword only supported in C++, not C
C:\Program Files (x86)\Microsoft Visual Studio\2019\Community\VC\Tools\MSVC\14.25.28610\include\type_traits(568,73): error C4233: nonstandard extension used: '__is_literal_type' keyword only supported in C++, not C
C:\Program Files (x86)\Microsoft Visual Studio\2019\Community\VC\Tools\MSVC\14.25.28610\include\type_traits(573,81): error C4233: nonstandard extension used: '__is_literal_type' keyword only supported in C++, not C
C:\Program Files (x86)\Microsoft Visual Studio\2019\Community\VC\Tools\MSVC\14.25.28610\include\type_traits(578,35): error C4233: nonstandard extension used: '__is_trivially_constructible' keyword only supported in C++, not C
C:\Program Files (x86)\Microsoft Visual Studio\2019\Community\VC\Tools\MSVC\14.25.28610\include\type_traits(578,72): error C4233: nonstandard extension used: '__is_trivially_copyable' keyword only supported in C++, not C
C:\Program Files (x86)\Microsoft Visual Studio\2019\Community\VC\Tools\MSVC\14.25.28610\include\type_traits(583,43): error C4233: nonstandard extension used: '__is_trivially_constructible' keyword only supported in C++, not C
C:\Program Files (x86)\Microsoft Visual Studio\2019\Community\VC\Tools\MSVC\14.25.28610\include\type_traits(583,80): error C4233: nonstandard extension used: '__is_trivially_copyable' keyword only supported in C++, not C
C:\Program Files (x86)\Microsoft Visual Studio\2019\Community\VC\Tools\MSVC\14.25.28610\include\type_traits(594,46): error C4233: nonstandard extension used: '__is_trivially_copyable' keyword only supported in C++, not C
C:\Program Files (x86)\Microsoft Visual Studio\2019\Community\VC\Tools\MSVC\14.25.28610\include\type_traits(599,54): error C4233: nonstandard extension used: '__is_trivially_copyable' keyword only supported in C++, not C
C:\Program Files (x86)\Microsoft Visual Studio\2019\Community\VC\Tools\MSVC\14.25.28610\include\type_traits(603,47): error C4233: nonstandard extension used: '__has_virtual_destructor' keyword only supported in C++, not C
C:\Program Files (x86)\Microsoft Visual Studio\2019\Community\VC\Tools\MSVC\14.25.28610\include\type_traits(608,55): error C4233: nonstandard extension used: '__has_virtual_destructor' keyword only supported in C++, not C
C:\Program Files (x86)\Microsoft Visual Studio\2019\Community\VC\Tools\MSVC\14.25.28610\include\type_traits(631,41): error C4233: nonstandard extension used: '__is_constructible' keyword only supported in C++, not C
C:\Program Files (x86)\Microsoft Visual Studio\2019\Community\VC\Tools\MSVC\14.25.28610\include\type_traits(636,49): error C4233: nonstandard extension used: '__is_constructible' keyword only supported in C++, not C
C:\Program Files (x86)\Microsoft Visual Studio\2019\Community\VC\Tools\MSVC\14.25.28610\include\type_traits(640,46): error C4233: nonstandard extension used: '__is_constructible' keyword only supported in C++, not C
C:\Program Files (x86)\Microsoft Visual Studio\2019\Community\VC\Tools\MSVC\14.25.28610\include\type_traits(645,54): error C4233: nonstandard extension used: '__is_constructible' keyword only supported in C++, not C
C:\Program Files (x86)\Microsoft Visual Studio\2019\Community\VC\Tools\MSVC\14.25.28610\include\type_traits(649,49): error C4233: nonstandard extension used: '__is_constructible' keyword only supported in C++, not C
C:\Program Files (x86)\Microsoft Visual Studio\2019\Community\VC\Tools\MSVC\14.25.28610\include\type_traits(654,57): error C4233: nonstandard extension used: '__is_constructible' keyword only supported in C++, not C
C:\Program Files (x86)\Microsoft Visual Studio\2019\Community\VC\Tools\MSVC\14.25.28610\include\type_traits(671,46): error C4233: nonstandard extension used: '__is_constructible' keyword only supported in C++, not C
C:\Program Files (x86)\Microsoft Visual Studio\2019\Community\VC\Tools\MSVC\14.25.28610\include\type_traits(676,54): error C4233: nonstandard extension used: '__is_constructible' keyword only supported in C++, not C
C:\Program Files (x86)\Microsoft Visual Studio\2019\Community\VC\Tools\MSVC\14.25.28610\include\type_traits(680,38): error C4233: nonstandard extension used: '__is_assignable' keyword only supported in C++, not C
C:\Program Files (x86)\Microsoft Visual Studio\2019\Community\VC\Tools\MSVC\14.25.28610\include\type_traits(683,46): error C4233: nonstandard extension used: '__is_assignable' keyword only supported in C++, not C
C:\Program Files (x86)\Microsoft Visual Studio\2019\Community\VC\Tools\MSVC\14.25.28610\include\type_traits(688,21): error C4233: nonstandard extension used: '__is_assignable' keyword only supported in C++, not C
C:\Program Files (x86)\Microsoft Visual Studio\2019\Community\VC\Tools\MSVC\14.25.28610\include\type_traits(693,51): error C4233: nonstandard extension used: '__is_assignable' keyword only supported in C++, not C
C:\Program Files (x86)\Microsoft Visual Studio\2019\Community\VC\Tools\MSVC\14.25.28610\include\type_traits(699,21): error C4233: nonstandard extension used: '__is_assignable_no_precondition_check' keyword only supported in C++, not C
C:\Program Files (x86)\Microsoft Visual Studio\2019\Community\VC\Tools\MSVC\14.25.28610\include\type_traits(703,62): error C4233: nonstandard extension used: '__is_assignable_no_precondition_check' keyword only supported in C++, not C
C:\Program Files (x86)\Microsoft Visual Studio\2019\Community\VC\Tools\MSVC\14.25.28610\include\type_traits(715,43): error C4233: nonstandard extension used: '__is_assignable' keyword only supported in C++, not C
C:\Program Files (x86)\Microsoft Visual Studio\2019\Community\VC\Tools\MSVC\14.25.28610\include\type_traits(720,51): error C4233: nonstandard extension used: '__is_assignable' keyword only supported in C++, not C
C:\Program Files (x86)\Microsoft Visual Studio\2019\Community\VC\Tools\MSVC\14.25.28610\include\type_traits(725,21): error C4233: nonstandard extension used: '__is_assignable_no_precondition_check' keyword only supported in C++, not C
C:\Program Files (x86)\Microsoft Visual Studio\2019\Community\VC\Tools\MSVC\14.25.28610\include\type_traits(728,62): error C4233: nonstandard extension used: '__is_assignable_no_precondition_check' keyword only supported in C++, not C
C:\Program Files (x86)\Microsoft Visual Studio\2019\Community\VC\Tools\MSVC\14.25.28610\include\type_traits(740,40): error C4233: nonstandard extension used: '__is_destructible' keyword only supported in C++, not C
C:\Program Files (x86)\Microsoft Visual Studio\2019\Community\VC\Tools\MSVC\14.25.28610\include\type_traits(745,48): error C4233: nonstandard extension used: '__is_destructible' keyword only supported in C++, not C
C:\Program Files (x86)\Microsoft Visual Studio\2019\Community\VC\Tools\MSVC\14.25.28610\include\type_traits(750,51): error C4233: nonstandard extension used: '__is_trivially_constructible' keyword only supported in C++, not C
C:\Program Files (x86)\Microsoft Visual Studio\2019\Community\VC\Tools\MSVC\14.25.28610\include\type_traits(755,59): error C4233: nonstandard extension used: '__is_trivially_constructible' keyword only supported in C++, not C
C:\Program Files (x86)\Microsoft Visual Studio\2019\Community\VC\Tools\MSVC\14.25.28610\include\type_traits(760,21): error C4233: nonstandard extension used: '__is_trivially_constructible' keyword only supported in C++, not C
C:\Program Files (x86)\Microsoft Visual Studio\2019\Community\VC\Tools\MSVC\14.25.28610\include\type_traits(765,64): error C4233: nonstandard extension used: '__is_trivially_constructible' keyword only supported in C++, not C
C:\Program Files (x86)\Microsoft Visual Studio\2019\Community\VC\Tools\MSVC\14.25.28610\include\type_traits(770,59): error C4233: nonstandard extension used: '__is_trivially_constructible' keyword only supported in C++, not C
C:\Program Files (x86)\Microsoft Visual Studio\2019\Community\VC\Tools\MSVC\14.25.28610\include\type_traits(775,67): error C4233: nonstandard extension used: '__is_trivially_constructible' keyword only supported in C++, not C
C:\Program Files (x86)\Microsoft Visual Studio\2019\Community\VC\Tools\MSVC\14.25.28610\include\type_traits(779,56): error C4233: nonstandard extension used: '__is_trivially_constructible' keyword only supported in C++, not C
C:\Program Files (x86)\Microsoft Visual Studio\2019\Community\VC\Tools\MSVC\14.25.28610\include\type_traits(784,64): error C4233: nonstandard extension used: '__is_trivially_constructible' keyword only supported in C++, not C
C:\Program Files (x86)\Microsoft Visual Studio\2019\Community\VC\Tools\MSVC\14.25.28610\include\type_traits(788,48): error C4233: nonstandard extension used: '__is_trivially_assignable' keyword only supported in C++, not C
C:\Program Files (x86)\Microsoft Visual Studio\2019\Community\VC\Tools\MSVC\14.25.28610\include\type_traits(793,56): error C4233: nonstandard extension used: '__is_trivially_assignable' keyword only supported in C++, not C
C:\Program Files (x86)\Microsoft Visual Studio\2019\Community\VC\Tools\MSVC\14.25.28610\include\type_traits(798,21): error C4233: nonstandard extension used: '__is_trivially_assignable' keyword only supported in C++, not C
C:\Program Files (x86)\Microsoft Visual Studio\2019\Community\VC\Tools\MSVC\14.25.28610\include\type_traits(803,61): error C4233: nonstandard extension used: '__is_trivially_assignable' keyword only supported in C++, not C
C:\Program Files (x86)\Microsoft Visual Studio\2019\Community\VC\Tools\MSVC\14.25.28610\include\type_traits(808,53): error C4233: nonstandard extension used: '__is_trivially_assignable' keyword only supported in C++, not C
C:\Program Files (x86)\Microsoft Visual Studio\2019\Community\VC\Tools\MSVC\14.25.28610\include\type_traits(813,61): error C4233: nonstandard extension used: '__is_trivially_assignable' keyword only supported in C++, not C
C:\Program Files (x86)\Microsoft Visual Studio\2019\Community\VC\Tools\MSVC\14.25.28610\include\type_traits(817,50): error C4233: nonstandard extension used: '__is_trivially_destructible' keyword only supported in C++, not C
C:\Program Files (x86)\Microsoft Visual Studio\2019\Community\VC\Tools\MSVC\14.25.28610\include\type_traits(822,58): error C4233: nonstandard extension used: '__is_trivially_destructible' keyword only supported in C++, not C
C:\Program Files (x86)\Microsoft Visual Studio\2019\Community\VC\Tools\MSVC\14.25.28610\include\type_traits(827,49): error C4233: nonstandard extension used: '__is_nothrow_constructible' keyword only supported in C++, not C
C:\Program Files (x86)\Microsoft Visual Studio\2019\Community\VC\Tools\MSVC\14.25.28610\include\type_traits(832,57): error C4233: nonstandard extension used: '__is_nothrow_constructible' keyword only supported in C++, not C
C:\Program Files (x86)\Microsoft Visual Studio\2019\Community\VC\Tools\MSVC\14.25.28610\include\type_traits(837,21): error C4233: nonstandard extension used: '__is_nothrow_constructible' keyword only supported in C++, not C
C:\Program Files (x86)\Microsoft Visual Studio\2019\Community\VC\Tools\MSVC\14.25.28610\include\type_traits(843,62): error C4233: nonstandard extension used: '__is_nothrow_constructible' keyword only supported in C++, not C
C:\Program Files (x86)\Microsoft Visual Studio\2019\Community\VC\Tools\MSVC\14.25.28610\include\type_traits(848,57): error C4233: nonstandard extension used: '__is_nothrow_constructible' keyword only supported in C++, not C
C:\Program Files (x86)\Microsoft Visual Studio\2019\Community\VC\Tools\MSVC\14.25.28610\include\type_traits(853,65): error C4233: nonstandard extension used: '__is_nothrow_constructible' keyword only supported in C++, not C
C:\Program Files (x86)\Microsoft Visual Studio\2019\Community\VC\Tools\MSVC\14.25.28610\include\type_traits(857,54): error C4233: nonstandard extension used: '__is_nothrow_constructible' keyword only supported in C++, not C
C:\Program Files (x86)\Microsoft Visual Studio\2019\Community\VC\Tools\MSVC\14.25.28610\include\type_traits(862,62): error C4233: nonstandard extension used: '__is_nothrow_constructible' keyword only supported in C++, not C
C:\Program Files (x86)\Microsoft Visual Studio\2019\Community\VC\Tools\MSVC\14.25.28610\include\type_traits(866,46): error C4233: nonstandard extension used: '__is_nothrow_assignable' keyword only supported in C++, not C
C:\Program Files (x86)\Microsoft Visual Studio\2019\Community\VC\Tools\MSVC\14.25.28610\include\type_traits(871,54): error C4233: nonstandard extension used: '__is_nothrow_assignable' keyword only supported in C++, not C
C:\Program Files (x86)\Microsoft Visual Studio\2019\Community\VC\Tools\MSVC\14.25.28610\include\type_traits(876,21): error C4233: nonstandard extension used: '__is_nothrow_assignable' keyword only supported in C++, not C
C:\Program Files (x86)\Microsoft Visual Studio\2019\Community\VC\Tools\MSVC\14.25.28610\include\type_traits(881,59): error C4233: nonstandard extension used: '__is_nothrow_assignable' keyword only supported in C++, not C
C:\Program Files (x86)\Microsoft Visual Studio\2019\Community\VC\Tools\MSVC\14.25.28610\include\type_traits(886,51): error C4233: nonstandard extension used: '__is_nothrow_assignable' keyword only supported in C++, not C
C:\Program Files (x86)\Microsoft Visual Studio\2019\Community\VC\Tools\MSVC\14.25.28610\include\type_traits(891,59): error C4233: nonstandard extension used: '__is_nothrow_assignable' keyword only supported in C++, not C
C:\Program Files (x86)\Microsoft Visual Studio\2019\Community\VC\Tools\MSVC\14.25.28610\include\type_traits(895,48): error C4233: nonstandard extension used: '__is_nothrow_destructible' keyword only supported in C++, not C
C:\Program Files (x86)\Microsoft Visual Studio\2019\Community\VC\Tools\MSVC\14.25.28610\include\type_traits(901,56): error C4233: nonstandard extension used: '__is_nothrow_destructible' keyword only supported in C++, not C
C:\Program Files (x86)\Microsoft Visual Studio\2019\Community\VC\Tools\MSVC\14.25.28610\include\type_traits(1151,18): error C4233: nonstandard extension used: '__underlying_type' keyword only supported in C++, not C
C:\Program Files (x86)\Microsoft Visual Studio\2019\Community\VC\Tools\MSVC\14.25.28610\include\type_traits(1194,35): error C4233: nonstandard extension used: '__is_base_of' keyword only supported in C++, not C
C:\Program Files (x86)\Microsoft Visual Studio\2019\Community\VC\Tools\MSVC\14.25.28610\include\type_traits(1199,43): error C4233: nonstandard extension used: '__is_base_of' keyword only supported in C++, not C
C:\Program Files (x86)\Microsoft Visual Studio\2019\Community\VC\Tools\MSVC\14.25.28610\include\iosfwd(178,54): warning C4157: pragma was ignored by C compiler
C:\Program Files (x86)\Microsoft Visual Studio\2019\Community\VC\Tools\MSVC\14.25.28610\include\iosfwd(183,50): warning C4157: pragma was ignored by C compiler
C:\Program Files (x86)\Microsoft Visual Studio\2019\Community\VC\Tools\MSVC\14.25.28610\include\ostream(21,54): warning C4157: pragma was ignored by C compiler
C:\Program Files (x86)\Microsoft Visual Studio\2019\Community\VC\Tools\MSVC\14.25.28610\include\ostream(586,50): warning C4157: pragma was ignored by C compiler
C:\Program Files (x86)\Microsoft Visual Studio\2019\Community\VC\Tools\MSVC\14.25.28610\include\istream(21,54): warning C4157: pragma was ignored by C compiler
C:\Program Files (x86)\Microsoft Visual Studio\2019\Community\VC\Tools\MSVC\14.25.28610\include\istream(668,50): warning C4157: pragma was ignored by C compiler
C:\opencv\build\include\opencv2\core.hpp(49,1): fatal error C1189: #error:  core.hpp header must be compiled as C++
